ERROR - 2026-04-19 09:24:54 --> Error connecting to the database: mysqli_sql_exception: No connection could be made because the target machine actively refused it in C:\xampp\htdocs\socialmed_app\system\Database\MySQLi\Connection.php:201
Stack trace:
#0 C:\xampp\htdocs\socialmed_app\system\Database\MySQLi\Connection.php(201): mysqli->real_connect('localhost', 'root', Object(SensitiveParameterValue), 'socmeddb', NULL, '', 0)
#1 C:\xampp\htdocs\socialmed_app\system\Database\BaseConnection.php(419): CodeIgniter\Database\MySQLi\Connection->connect(false)
#2 C:\xampp\htdocs\socialmed_app\system\Database\BaseConnection.php(654): CodeIgniter\Database\BaseConnection->initialize()
#3 C:\xampp\htdocs\socialmed_app\system\Database\BaseBuilder.php(1649): CodeIgniter\Database\BaseConnection->query('SELECT *\nFROM `...', Array, false)
#4 C:\xampp\htdocs\socialmed_app\system\Model.php(296): CodeIgniter\Database\BaseBuilder->get()
#5 C:\xampp\htdocs\socialmed_app\system\BaseModel.php(713): CodeIgniter\Model->doFirst()
#6 C:\xampp\htdocs\socialmed_app\app\Controllers\Authentication.php(17): CodeIgniter\BaseModel->first()
#7 C:\xampp\htdocs\socialmed_app\system\CodeIgniter.php(951): App\Controllers\Authentication->loginProcess()
#8 C:\xampp\htdocs\socialmed_app\system\CodeIgniter.php(497): CodeIgniter\CodeIgniter->runController(Object(App\Controllers\Authentication))
#9 C:\xampp\htdocs\socialmed_app\system\CodeIgniter.php(340): CodeIgniter\CodeIgniter->handleRequest(NULL, Object(Config\Cache), false)
#10 C:\xampp\htdocs\socialmed_app\system\Boot.php(417): CodeIgniter\CodeIgniter->run()
#11 C:\xampp\htdocs\socialmed_app\system\Boot.php(68): CodeIgniter\Boot::runCodeIgniter(Object(CodeIgniter\CodeIgniter))
#12 C:\xampp\htdocs\socialmed_app\public\index.php(59): CodeIgniter\Boot::bootWeb(Object(Config\Paths))
#13 C:\xampp\htdocs\socialmed_app\system\rewrite.php(44): require_once('C:\\xampp\\htdocs...')
#14 {main}

Next CodeIgniter\Database\Exceptions\DatabaseException: No connection could be made because the target machine actively refused it in C:\xampp\htdocs\socialmed_app\system\Database\MySQLi\Connection.php:231
Stack trace:
#0 C:\xampp\htdocs\socialmed_app\system\Database\BaseConnection.php(419): CodeIgniter\Database\MySQLi\Connection->connect(false)
#1 C:\xampp\htdocs\socialmed_app\system\Database\BaseConnection.php(654): CodeIgniter\Database\BaseConnection->initialize()
#2 C:\xampp\htdocs\socialmed_app\system\Database\BaseBuilder.php(1649): CodeIgniter\Database\BaseConnection->query('SELECT *\nFROM `...', Array, false)
#3 C:\xampp\htdocs\socialmed_app\system\Model.php(296): CodeIgniter\Database\BaseBuilder->get()
#4 C:\xampp\htdocs\socialmed_app\system\BaseModel.php(713): CodeIgniter\Model->doFirst()
#5 C:\xampp\htdocs\socialmed_app\app\Controllers\Authentication.php(17): CodeIgniter\BaseModel->first()
#6 C:\xampp\htdocs\socialmed_app\system\CodeIgniter.php(951): App\Controllers\Authentication->loginProcess()
#7 C:\xampp\htdocs\socialmed_app\system\CodeIgniter.php(497): CodeIgniter\CodeIgniter->runController(Object(App\Controllers\Authentication))
#8 C:\xampp\htdocs\socialmed_app\system\CodeIgniter.php(340): CodeIgniter\CodeIgniter->handleRequest(NULL, Object(Config\Cache), false)
#9 C:\xampp\htdocs\socialmed_app\system\Boot.php(417): CodeIgniter\CodeIgniter->run()
#10 C:\xampp\htdocs\socialmed_app\system\Boot.php(68): CodeIgniter\Boot::runCodeIgniter(Object(CodeIgniter\CodeIgniter))
#11 C:\xampp\htdocs\socialmed_app\public\index.php(59): CodeIgniter\Boot::bootWeb(Object(Config\Paths))
#12 C:\xampp\htdocs\socialmed_app\system\rewrite.php(44): require_once('C:\\xampp\\htdocs...')
#13 {main}
CRITICAL - 2026-04-19 09:24:54 --> CodeIgniter\Database\Exceptions\DatabaseException: Unable to connect to the database.
Main connection [MySQLi]: No connection could be made because the target machine actively refused it
[Method: POST, Route: loginProcess]
in SYSTEMPATH\Database\BaseConnection.php on line 465.
 1 SYSTEMPATH\Database\BaseConnection.php(654): CodeIgniter\Database\BaseConnection->initialize()
 2 SYSTEMPATH\Database\BaseBuilder.php(1649): CodeIgniter\Database\BaseConnection->query('SELECT *
FROM `users`
WHERE `email` = :email:
 LIMIT 1', [...], false)
 3 SYSTEMPATH\Model.php(296): CodeIgniter\Database\BaseBuilder->get()
 4 SYSTEMPATH\BaseModel.php(713): CodeIgniter\Model->doFirst()
 5 APPPATH\Controllers\Authentication.php(17): CodeIgniter\BaseModel->first()
 6 SYSTEMPATH\CodeIgniter.php(951): App\Controllers\Authentication->loginProcess()
 7 SYSTEMPATH\CodeIgniter.php(497): CodeIgniter\CodeIgniter->runController(Object(App\Controllers\Authentication))
 8 SYSTEMPATH\CodeIgniter.php(340): CodeIgniter\CodeIgniter->handleRequest(null, Object(Config\Cache), false)
 9 SYSTEMPATH\Boot.php(417): CodeIgniter\CodeIgniter->run()
10 SYSTEMPATH\Boot.php(68): CodeIgniter\Boot::runCodeIgniter(Object(CodeIgniter\CodeIgniter))
11 FCPATH\index.php(59): CodeIgniter\Boot::bootWeb(Object(Config\Paths))
12 SYSTEMPATH\rewrite.php(44): require_once('C:\\xampp\\htdocs\\socialmed_app\\public\\index.php')
ERROR - 2026-04-19 09:24:58 --> Error connecting to the database: mysqli_sql_exception: No connection could be made because the target machine actively refused it in C:\xampp\htdocs\socialmed_app\system\Database\MySQLi\Connection.php:201
Stack trace:
#0 C:\xampp\htdocs\socialmed_app\system\Database\MySQLi\Connection.php(201): mysqli->real_connect('localhost', 'root', Object(SensitiveParameterValue), 'socmeddb', NULL, '', 0)
#1 C:\xampp\htdocs\socialmed_app\system\Database\BaseConnection.php(419): CodeIgniter\Database\MySQLi\Connection->connect(false)
#2 C:\xampp\htdocs\socialmed_app\system\Database\BaseConnection.php(654): CodeIgniter\Database\BaseConnection->initialize()
#3 C:\xampp\htdocs\socialmed_app\system\Database\BaseBuilder.php(1649): CodeIgniter\Database\BaseConnection->query('SELECT *\nFROM `...', Array, false)
#4 C:\xampp\htdocs\socialmed_app\system\Model.php(296): CodeIgniter\Database\BaseBuilder->get()
#5 C:\xampp\htdocs\socialmed_app\system\BaseModel.php(713): CodeIgniter\Model->doFirst()
#6 C:\xampp\htdocs\socialmed_app\app\Controllers\Authentication.php(17): CodeIgniter\BaseModel->first()
#7 C:\xampp\htdocs\socialmed_app\system\CodeIgniter.php(951): App\Controllers\Authentication->loginProcess()
#8 C:\xampp\htdocs\socialmed_app\system\CodeIgniter.php(497): CodeIgniter\CodeIgniter->runController(Object(App\Controllers\Authentication))
#9 C:\xampp\htdocs\socialmed_app\system\CodeIgniter.php(340): CodeIgniter\CodeIgniter->handleRequest(NULL, Object(Config\Cache), false)
#10 C:\xampp\htdocs\socialmed_app\system\Boot.php(417): CodeIgniter\CodeIgniter->run()
#11 C:\xampp\htdocs\socialmed_app\system\Boot.php(68): CodeIgniter\Boot::runCodeIgniter(Object(CodeIgniter\CodeIgniter))
#12 C:\xampp\htdocs\socialmed_app\public\index.php(59): CodeIgniter\Boot::bootWeb(Object(Config\Paths))
#13 C:\xampp\htdocs\socialmed_app\system\rewrite.php(44): require_once('C:\\xampp\\htdocs...')
#14 {main}

Next CodeIgniter\Database\Exceptions\DatabaseException: No connection could be made because the target machine actively refused it in C:\xampp\htdocs\socialmed_app\system\Database\MySQLi\Connection.php:231
Stack trace:
#0 C:\xampp\htdocs\socialmed_app\system\Database\BaseConnection.php(419): CodeIgniter\Database\MySQLi\Connection->connect(false)
#1 C:\xampp\htdocs\socialmed_app\system\Database\BaseConnection.php(654): CodeIgniter\Database\BaseConnection->initialize()
#2 C:\xampp\htdocs\socialmed_app\system\Database\BaseBuilder.php(1649): CodeIgniter\Database\BaseConnection->query('SELECT *\nFROM `...', Array, false)
#3 C:\xampp\htdocs\socialmed_app\system\Model.php(296): CodeIgniter\Database\BaseBuilder->get()
#4 C:\xampp\htdocs\socialmed_app\system\BaseModel.php(713): CodeIgniter\Model->doFirst()
#5 C:\xampp\htdocs\socialmed_app\app\Controllers\Authentication.php(17): CodeIgniter\BaseModel->first()
#6 C:\xampp\htdocs\socialmed_app\system\CodeIgniter.php(951): App\Controllers\Authentication->loginProcess()
#7 C:\xampp\htdocs\socialmed_app\system\CodeIgniter.php(497): CodeIgniter\CodeIgniter->runController(Object(App\Controllers\Authentication))
#8 C:\xampp\htdocs\socialmed_app\system\CodeIgniter.php(340): CodeIgniter\CodeIgniter->handleRequest(NULL, Object(Config\Cache), false)
#9 C:\xampp\htdocs\socialmed_app\system\Boot.php(417): CodeIgniter\CodeIgniter->run()
#10 C:\xampp\htdocs\socialmed_app\system\Boot.php(68): CodeIgniter\Boot::runCodeIgniter(Object(CodeIgniter\CodeIgniter))
#11 C:\xampp\htdocs\socialmed_app\public\index.php(59): CodeIgniter\Boot::bootWeb(Object(Config\Paths))
#12 C:\xampp\htdocs\socialmed_app\system\rewrite.php(44): require_once('C:\\xampp\\htdocs...')
#13 {main}
CRITICAL - 2026-04-19 09:24:58 --> CodeIgniter\Database\Exceptions\DatabaseException: Unable to connect to the database.
Main connection [MySQLi]: No connection could be made because the target machine actively refused it
[Method: POST, Route: loginProcess]
in SYSTEMPATH\Database\BaseConnection.php on line 465.
 1 SYSTEMPATH\Database\BaseConnection.php(654): CodeIgniter\Database\BaseConnection->initialize()
 2 SYSTEMPATH\Database\BaseBuilder.php(1649): CodeIgniter\Database\BaseConnection->query('SELECT *
FROM `users`
WHERE `email` = :email:
 LIMIT 1', [...], false)
 3 SYSTEMPATH\Model.php(296): CodeIgniter\Database\BaseBuilder->get()
 4 SYSTEMPATH\BaseModel.php(713): CodeIgniter\Model->doFirst()
 5 APPPATH\Controllers\Authentication.php(17): CodeIgniter\BaseModel->first()
 6 SYSTEMPATH\CodeIgniter.php(951): App\Controllers\Authentication->loginProcess()
 7 SYSTEMPATH\CodeIgniter.php(497): CodeIgniter\CodeIgniter->runController(Object(App\Controllers\Authentication))
 8 SYSTEMPATH\CodeIgniter.php(340): CodeIgniter\CodeIgniter->handleRequest(null, Object(Config\Cache), false)
 9 SYSTEMPATH\Boot.php(417): CodeIgniter\CodeIgniter->run()
10 SYSTEMPATH\Boot.php(68): CodeIgniter\Boot::runCodeIgniter(Object(CodeIgniter\CodeIgniter))
11 FCPATH\index.php(59): CodeIgniter\Boot::bootWeb(Object(Config\Paths))
12 SYSTEMPATH\rewrite.php(44): require_once('C:\\xampp\\htdocs\\socialmed_app\\public\\index.php')
ERROR - 2026-04-19 09:27:15 --> Error connecting to the database: mysqli_sql_exception: No connection could be made because the target machine actively refused it in C:\xampp\htdocs\socialmed_app\system\Database\MySQLi\Connection.php:201
Stack trace:
#0 C:\xampp\htdocs\socialmed_app\system\Database\MySQLi\Connection.php(201): mysqli->real_connect('localhost', 'root', Object(SensitiveParameterValue), 'socmeddb', NULL, '', 0)
#1 C:\xampp\htdocs\socialmed_app\system\Database\BaseConnection.php(419): CodeIgniter\Database\MySQLi\Connection->connect(false)
#2 C:\xampp\htdocs\socialmed_app\system\Database\BaseConnection.php(654): CodeIgniter\Database\BaseConnection->initialize()
#3 C:\xampp\htdocs\socialmed_app\system\Database\BaseBuilder.php(2345): CodeIgniter\Database\BaseConnection->query('INSERT INTO `us...', Array, false)
#4 C:\xampp\htdocs\socialmed_app\system\Model.php(356): CodeIgniter\Database\BaseBuilder->insert()
#5 C:\xampp\htdocs\socialmed_app\system\BaseModel.php(898): CodeIgniter\Model->doInsert(Array)
#6 C:\xampp\htdocs\socialmed_app\system\Model.php(665): CodeIgniter\BaseModel->insert(Array, false)
#7 C:\xampp\htdocs\socialmed_app\system\BaseModel.php(751): CodeIgniter\Model->insert(Array, false)
#8 C:\xampp\htdocs\socialmed_app\app\Controllers\Authentication.php(35): CodeIgniter\BaseModel->save(Array)
#9 C:\xampp\htdocs\socialmed_app\system\CodeIgniter.php(951): App\Controllers\Authentication->registerProcess()
#10 C:\xampp\htdocs\socialmed_app\system\CodeIgniter.php(497): CodeIgniter\CodeIgniter->runController(Object(App\Controllers\Authentication))
#11 C:\xampp\htdocs\socialmed_app\system\CodeIgniter.php(340): CodeIgniter\CodeIgniter->handleRequest(NULL, Object(Config\Cache), false)
#12 C:\xampp\htdocs\socialmed_app\system\Boot.php(417): CodeIgniter\CodeIgniter->run()
#13 C:\xampp\htdocs\socialmed_app\system\Boot.php(68): CodeIgniter\Boot::runCodeIgniter(Object(CodeIgniter\CodeIgniter))
#14 C:\xampp\htdocs\socialmed_app\public\index.php(59): CodeIgniter\Boot::bootWeb(Object(Config\Paths))
#15 C:\xampp\htdocs\socialmed_app\system\rewrite.php(44): require_once('C:\\xampp\\htdocs...')
#16 {main}

Next CodeIgniter\Database\Exceptions\DatabaseException: No connection could be made because the target machine actively refused it in C:\xampp\htdocs\socialmed_app\system\Database\MySQLi\Connection.php:231
Stack trace:
#0 C:\xampp\htdocs\socialmed_app\system\Database\BaseConnection.php(419): CodeIgniter\Database\MySQLi\Connection->connect(false)
#1 C:\xampp\htdocs\socialmed_app\system\Database\BaseConnection.php(654): CodeIgniter\Database\BaseConnection->initialize()
#2 C:\xampp\htdocs\socialmed_app\system\Database\BaseBuilder.php(2345): CodeIgniter\Database\BaseConnection->query('INSERT INTO `us...', Array, false)
#3 C:\xampp\htdocs\socialmed_app\system\Model.php(356): CodeIgniter\Database\BaseBuilder->insert()
#4 C:\xampp\htdocs\socialmed_app\system\BaseModel.php(898): CodeIgniter\Model->doInsert(Array)
#5 C:\xampp\htdocs\socialmed_app\system\Model.php(665): CodeIgniter\BaseModel->insert(Array, false)
#6 C:\xampp\htdocs\socialmed_app\system\BaseModel.php(751): CodeIgniter\Model->insert(Array, false)
#7 C:\xampp\htdocs\socialmed_app\app\Controllers\Authentication.php(35): CodeIgniter\BaseModel->save(Array)
#8 C:\xampp\htdocs\socialmed_app\system\CodeIgniter.php(951): App\Controllers\Authentication->registerProcess()
#9 C:\xampp\htdocs\socialmed_app\system\CodeIgniter.php(497): CodeIgniter\CodeIgniter->runController(Object(App\Controllers\Authentication))
#10 C:\xampp\htdocs\socialmed_app\system\CodeIgniter.php(340): CodeIgniter\CodeIgniter->handleRequest(NULL, Object(Config\Cache), false)
#11 C:\xampp\htdocs\socialmed_app\system\Boot.php(417): CodeIgniter\CodeIgniter->run()
#12 C:\xampp\htdocs\socialmed_app\system\Boot.php(68): CodeIgniter\Boot::runCodeIgniter(Object(CodeIgniter\CodeIgniter))
#13 C:\xampp\htdocs\socialmed_app\public\index.php(59): CodeIgniter\Boot::bootWeb(Object(Config\Paths))
#14 C:\xampp\htdocs\socialmed_app\system\rewrite.php(44): require_once('C:\\xampp\\htdocs...')
#15 {main}
CRITICAL - 2026-04-19 09:27:15 --> CodeIgniter\Database\Exceptions\DatabaseException: Unable to connect to the database.
Main connection [MySQLi]: No connection could be made because the target machine actively refused it
[Method: POST, Route: registerProcess]
in SYSTEMPATH\Database\BaseConnection.php on line 465.
 1 SYSTEMPATH\Database\BaseConnection.php(654): CodeIgniter\Database\BaseConnection->initialize()
 2 SYSTEMPATH\Database\BaseBuilder.php(2345): CodeIgniter\Database\BaseConnection->query('INSERT INTO `users` (`username`, `email`, `password_hash`, `location`, `full_name`, `relationship`) VALUES (:username:, :email:, :password_hash:, :location:, :full_name:, :relationship:)', [...], false)
 3 SYSTEMPATH\Model.php(356): CodeIgniter\Database\BaseBuilder->insert()
 4 SYSTEMPATH\BaseModel.php(898): CodeIgniter\Model->doInsert([...])
 5 SYSTEMPATH\Model.php(665): CodeIgniter\BaseModel->insert([...], false)
 6 SYSTEMPATH\BaseModel.php(751): CodeIgniter\Model->insert([...], false)
 7 APPPATH\Controllers\Authentication.php(35): CodeIgniter\BaseModel->save([...])
 8 SYSTEMPATH\CodeIgniter.php(951): App\Controllers\Authentication->registerProcess()
 9 SYSTEMPATH\CodeIgniter.php(497): CodeIgniter\CodeIgniter->runController(Object(App\Controllers\Authentication))
10 SYSTEMPATH\CodeIgniter.php(340): CodeIgniter\CodeIgniter->handleRequest(null, Object(Config\Cache), false)
11 SYSTEMPATH\Boot.php(417): CodeIgniter\CodeIgniter->run()
12 SYSTEMPATH\Boot.php(68): CodeIgniter\Boot::runCodeIgniter(Object(CodeIgniter\CodeIgniter))
13 FCPATH\index.php(59): CodeIgniter\Boot::bootWeb(Object(Config\Paths))
14 SYSTEMPATH\rewrite.php(44): require_once('C:\\xampp\\htdocs\\socialmed_app\\public\\index.php')
ERROR - 2026-04-19 09:35:08 --> Error connecting to the database: mysqli_sql_exception: Unknown database 'socmeddb' in C:\xampp\htdocs\socialmed_app\system\Database\MySQLi\Connection.php:201
Stack trace:
#0 C:\xampp\htdocs\socialmed_app\system\Database\MySQLi\Connection.php(201): mysqli->real_connect('localhost', 'root', Object(SensitiveParameterValue), 'socmeddb', NULL, '', 0)
#1 C:\xampp\htdocs\socialmed_app\system\Database\BaseConnection.php(419): CodeIgniter\Database\MySQLi\Connection->connect(false)
#2 C:\xampp\htdocs\socialmed_app\system\Database\BaseConnection.php(654): CodeIgniter\Database\BaseConnection->initialize()
#3 C:\xampp\htdocs\socialmed_app\system\Database\BaseBuilder.php(2345): CodeIgniter\Database\BaseConnection->query('INSERT INTO `us...', Array, false)
#4 C:\xampp\htdocs\socialmed_app\system\Model.php(356): CodeIgniter\Database\BaseBuilder->insert()
#5 C:\xampp\htdocs\socialmed_app\system\BaseModel.php(898): CodeIgniter\Model->doInsert(Array)
#6 C:\xampp\htdocs\socialmed_app\system\Model.php(665): CodeIgniter\BaseModel->insert(Array, false)
#7 C:\xampp\htdocs\socialmed_app\system\BaseModel.php(751): CodeIgniter\Model->insert(Array, false)
#8 C:\xampp\htdocs\socialmed_app\app\Controllers\Authentication.php(35): CodeIgniter\BaseModel->save(Array)
#9 C:\xampp\htdocs\socialmed_app\system\CodeIgniter.php(951): App\Controllers\Authentication->registerProcess()
#10 C:\xampp\htdocs\socialmed_app\system\CodeIgniter.php(497): CodeIgniter\CodeIgniter->runController(Object(App\Controllers\Authentication))
#11 C:\xampp\htdocs\socialmed_app\system\CodeIgniter.php(340): CodeIgniter\CodeIgniter->handleRequest(NULL, Object(Config\Cache), false)
#12 C:\xampp\htdocs\socialmed_app\system\Boot.php(417): CodeIgniter\CodeIgniter->run()
#13 C:\xampp\htdocs\socialmed_app\system\Boot.php(68): CodeIgniter\Boot::runCodeIgniter(Object(CodeIgniter\CodeIgniter))
#14 C:\xampp\htdocs\socialmed_app\public\index.php(59): CodeIgniter\Boot::bootWeb(Object(Config\Paths))
#15 C:\xampp\htdocs\socialmed_app\system\rewrite.php(44): require_once('C:\\xampp\\htdocs...')
#16 {main}

Next CodeIgniter\Database\Exceptions\DatabaseException: Unknown database 'socmeddb' in C:\xampp\htdocs\socialmed_app\system\Database\MySQLi\Connection.php:231
Stack trace:
#0 C:\xampp\htdocs\socialmed_app\system\Database\BaseConnection.php(419): CodeIgniter\Database\MySQLi\Connection->connect(false)
#1 C:\xampp\htdocs\socialmed_app\system\Database\BaseConnection.php(654): CodeIgniter\Database\BaseConnection->initialize()
#2 C:\xampp\htdocs\socialmed_app\system\Database\BaseBuilder.php(2345): CodeIgniter\Database\BaseConnection->query('INSERT INTO `us...', Array, false)
#3 C:\xampp\htdocs\socialmed_app\system\Model.php(356): CodeIgniter\Database\BaseBuilder->insert()
#4 C:\xampp\htdocs\socialmed_app\system\BaseModel.php(898): CodeIgniter\Model->doInsert(Array)
#5 C:\xampp\htdocs\socialmed_app\system\Model.php(665): CodeIgniter\BaseModel->insert(Array, false)
#6 C:\xampp\htdocs\socialmed_app\system\BaseModel.php(751): CodeIgniter\Model->insert(Array, false)
#7 C:\xampp\htdocs\socialmed_app\app\Controllers\Authentication.php(35): CodeIgniter\BaseModel->save(Array)
#8 C:\xampp\htdocs\socialmed_app\system\CodeIgniter.php(951): App\Controllers\Authentication->registerProcess()
#9 C:\xampp\htdocs\socialmed_app\system\CodeIgniter.php(497): CodeIgniter\CodeIgniter->runController(Object(App\Controllers\Authentication))
#10 C:\xampp\htdocs\socialmed_app\system\CodeIgniter.php(340): CodeIgniter\CodeIgniter->handleRequest(NULL, Object(Config\Cache), false)
#11 C:\xampp\htdocs\socialmed_app\system\Boot.php(417): CodeIgniter\CodeIgniter->run()
#12 C:\xampp\htdocs\socialmed_app\system\Boot.php(68): CodeIgniter\Boot::runCodeIgniter(Object(CodeIgniter\CodeIgniter))
#13 C:\xampp\htdocs\socialmed_app\public\index.php(59): CodeIgniter\Boot::bootWeb(Object(Config\Paths))
#14 C:\xampp\htdocs\socialmed_app\system\rewrite.php(44): require_once('C:\\xampp\\htdocs...')
#15 {main}
CRITICAL - 2026-04-19 09:35:08 --> CodeIgniter\Database\Exceptions\DatabaseException: Unable to connect to the database.
Main connection [MySQLi]: Unknown database 'socmeddb'
[Method: POST, Route: registerProcess]
in SYSTEMPATH\Database\BaseConnection.php on line 465.
 1 SYSTEMPATH\Database\BaseConnection.php(654): CodeIgniter\Database\BaseConnection->initialize()
 2 SYSTEMPATH\Database\BaseBuilder.php(2345): CodeIgniter\Database\BaseConnection->query('INSERT INTO `users` (`username`, `email`, `password_hash`, `location`, `full_name`, `relationship`) VALUES (:username:, :email:, :password_hash:, :location:, :full_name:, :relationship:)', [...], false)
 3 SYSTEMPATH\Model.php(356): CodeIgniter\Database\BaseBuilder->insert()
 4 SYSTEMPATH\BaseModel.php(898): CodeIgniter\Model->doInsert([...])
 5 SYSTEMPATH\Model.php(665): CodeIgniter\BaseModel->insert([...], false)
 6 SYSTEMPATH\BaseModel.php(751): CodeIgniter\Model->insert([...], false)
 7 APPPATH\Controllers\Authentication.php(35): CodeIgniter\BaseModel->save([...])
 8 SYSTEMPATH\CodeIgniter.php(951): App\Controllers\Authentication->registerProcess()
 9 SYSTEMPATH\CodeIgniter.php(497): CodeIgniter\CodeIgniter->runController(Object(App\Controllers\Authentication))
10 SYSTEMPATH\CodeIgniter.php(340): CodeIgniter\CodeIgniter->handleRequest(null, Object(Config\Cache), false)
11 SYSTEMPATH\Boot.php(417): CodeIgniter\CodeIgniter->run()
12 SYSTEMPATH\Boot.php(68): CodeIgniter\Boot::runCodeIgniter(Object(CodeIgniter\CodeIgniter))
13 FCPATH\index.php(59): CodeIgniter\Boot::bootWeb(Object(Config\Paths))
14 SYSTEMPATH\rewrite.php(44): require_once('C:\\xampp\\htdocs\\socialmed_app\\public\\index.php')
ERROR - 2026-04-19 09:35:24 --> Error connecting to the database: mysqli_sql_exception: Unknown database 'socmeddb' in C:\xampp\htdocs\socialmed_app\system\Database\MySQLi\Connection.php:201
Stack trace:
#0 C:\xampp\htdocs\socialmed_app\system\Database\MySQLi\Connection.php(201): mysqli->real_connect('localhost', 'root', Object(SensitiveParameterValue), 'socmeddb', NULL, '', 0)
#1 C:\xampp\htdocs\socialmed_app\system\Database\BaseConnection.php(419): CodeIgniter\Database\MySQLi\Connection->connect(false)
#2 C:\xampp\htdocs\socialmed_app\system\Database\BaseConnection.php(654): CodeIgniter\Database\BaseConnection->initialize()
#3 C:\xampp\htdocs\socialmed_app\system\Database\BaseBuilder.php(2345): CodeIgniter\Database\BaseConnection->query('INSERT INTO `us...', Array, false)
#4 C:\xampp\htdocs\socialmed_app\system\Model.php(356): CodeIgniter\Database\BaseBuilder->insert()
#5 C:\xampp\htdocs\socialmed_app\system\BaseModel.php(898): CodeIgniter\Model->doInsert(Array)
#6 C:\xampp\htdocs\socialmed_app\system\Model.php(665): CodeIgniter\BaseModel->insert(Array, false)
#7 C:\xampp\htdocs\socialmed_app\system\BaseModel.php(751): CodeIgniter\Model->insert(Array, false)
#8 C:\xampp\htdocs\socialmed_app\app\Controllers\Authentication.php(35): CodeIgniter\BaseModel->save(Array)
#9 C:\xampp\htdocs\socialmed_app\system\CodeIgniter.php(951): App\Controllers\Authentication->registerProcess()
#10 C:\xampp\htdocs\socialmed_app\system\CodeIgniter.php(497): CodeIgniter\CodeIgniter->runController(Object(App\Controllers\Authentication))
#11 C:\xampp\htdocs\socialmed_app\system\CodeIgniter.php(340): CodeIgniter\CodeIgniter->handleRequest(NULL, Object(Config\Cache), false)
#12 C:\xampp\htdocs\socialmed_app\system\Boot.php(417): CodeIgniter\CodeIgniter->run()
#13 C:\xampp\htdocs\socialmed_app\system\Boot.php(68): CodeIgniter\Boot::runCodeIgniter(Object(CodeIgniter\CodeIgniter))
#14 C:\xampp\htdocs\socialmed_app\public\index.php(59): CodeIgniter\Boot::bootWeb(Object(Config\Paths))
#15 C:\xampp\htdocs\socialmed_app\system\rewrite.php(44): require_once('C:\\xampp\\htdocs...')
#16 {main}

Next CodeIgniter\Database\Exceptions\DatabaseException: Unknown database 'socmeddb' in C:\xampp\htdocs\socialmed_app\system\Database\MySQLi\Connection.php:231
Stack trace:
#0 C:\xampp\htdocs\socialmed_app\system\Database\BaseConnection.php(419): CodeIgniter\Database\MySQLi\Connection->connect(false)
#1 C:\xampp\htdocs\socialmed_app\system\Database\BaseConnection.php(654): CodeIgniter\Database\BaseConnection->initialize()
#2 C:\xampp\htdocs\socialmed_app\system\Database\BaseBuilder.php(2345): CodeIgniter\Database\BaseConnection->query('INSERT INTO `us...', Array, false)
#3 C:\xampp\htdocs\socialmed_app\system\Model.php(356): CodeIgniter\Database\BaseBuilder->insert()
#4 C:\xampp\htdocs\socialmed_app\system\BaseModel.php(898): CodeIgniter\Model->doInsert(Array)
#5 C:\xampp\htdocs\socialmed_app\system\Model.php(665): CodeIgniter\BaseModel->insert(Array, false)
#6 C:\xampp\htdocs\socialmed_app\system\BaseModel.php(751): CodeIgniter\Model->insert(Array, false)
#7 C:\xampp\htdocs\socialmed_app\app\Controllers\Authentication.php(35): CodeIgniter\BaseModel->save(Array)
#8 C:\xampp\htdocs\socialmed_app\system\CodeIgniter.php(951): App\Controllers\Authentication->registerProcess()
#9 C:\xampp\htdocs\socialmed_app\system\CodeIgniter.php(497): CodeIgniter\CodeIgniter->runController(Object(App\Controllers\Authentication))
#10 C:\xampp\htdocs\socialmed_app\system\CodeIgniter.php(340): CodeIgniter\CodeIgniter->handleRequest(NULL, Object(Config\Cache), false)
#11 C:\xampp\htdocs\socialmed_app\system\Boot.php(417): CodeIgniter\CodeIgniter->run()
#12 C:\xampp\htdocs\socialmed_app\system\Boot.php(68): CodeIgniter\Boot::runCodeIgniter(Object(CodeIgniter\CodeIgniter))
#13 C:\xampp\htdocs\socialmed_app\public\index.php(59): CodeIgniter\Boot::bootWeb(Object(Config\Paths))
#14 C:\xampp\htdocs\socialmed_app\system\rewrite.php(44): require_once('C:\\xampp\\htdocs...')
#15 {main}
CRITICAL - 2026-04-19 09:35:24 --> CodeIgniter\Database\Exceptions\DatabaseException: Unable to connect to the database.
Main connection [MySQLi]: Unknown database 'socmeddb'
[Method: POST, Route: registerProcess]
in SYSTEMPATH\Database\BaseConnection.php on line 465.
 1 SYSTEMPATH\Database\BaseConnection.php(654): CodeIgniter\Database\BaseConnection->initialize()
 2 SYSTEMPATH\Database\BaseBuilder.php(2345): CodeIgniter\Database\BaseConnection->query('INSERT INTO `users` (`username`, `email`, `password_hash`, `location`, `full_name`, `relationship`) VALUES (:username:, :email:, :password_hash:, :location:, :full_name:, :relationship:)', [...], false)
 3 SYSTEMPATH\Model.php(356): CodeIgniter\Database\BaseBuilder->insert()
 4 SYSTEMPATH\BaseModel.php(898): CodeIgniter\Model->doInsert([...])
 5 SYSTEMPATH\Model.php(665): CodeIgniter\BaseModel->insert([...], false)
 6 SYSTEMPATH\BaseModel.php(751): CodeIgniter\Model->insert([...], false)
 7 APPPATH\Controllers\Authentication.php(35): CodeIgniter\BaseModel->save([...])
 8 SYSTEMPATH\CodeIgniter.php(951): App\Controllers\Authentication->registerProcess()
 9 SYSTEMPATH\CodeIgniter.php(497): CodeIgniter\CodeIgniter->runController(Object(App\Controllers\Authentication))
10 SYSTEMPATH\CodeIgniter.php(340): CodeIgniter\CodeIgniter->handleRequest(null, Object(Config\Cache), false)
11 SYSTEMPATH\Boot.php(417): CodeIgniter\CodeIgniter->run()
12 SYSTEMPATH\Boot.php(68): CodeIgniter\Boot::runCodeIgniter(Object(CodeIgniter\CodeIgniter))
13 FCPATH\index.php(59): CodeIgniter\Boot::bootWeb(Object(Config\Paths))
14 SYSTEMPATH\rewrite.php(44): require_once('C:\\xampp\\htdocs\\socialmed_app\\public\\index.php')
ERROR - 2026-04-19 09:35:48 --> Error connecting to the database: mysqli_sql_exception: Unknown database 'socmeddb' in C:\xampp\htdocs\socialmed_app\system\Database\MySQLi\Connection.php:201
Stack trace:
#0 C:\xampp\htdocs\socialmed_app\system\Database\MySQLi\Connection.php(201): mysqli->real_connect('localhost', 'root', Object(SensitiveParameterValue), 'socmeddb', NULL, '', 0)
#1 C:\xampp\htdocs\socialmed_app\system\Database\BaseConnection.php(419): CodeIgniter\Database\MySQLi\Connection->connect(false)
#2 C:\xampp\htdocs\socialmed_app\system\Database\BaseConnection.php(654): CodeIgniter\Database\BaseConnection->initialize()
#3 C:\xampp\htdocs\socialmed_app\system\Database\BaseBuilder.php(2345): CodeIgniter\Database\BaseConnection->query('INSERT INTO `us...', Array, false)
#4 C:\xampp\htdocs\socialmed_app\system\Model.php(356): CodeIgniter\Database\BaseBuilder->insert()
#5 C:\xampp\htdocs\socialmed_app\system\BaseModel.php(898): CodeIgniter\Model->doInsert(Array)
#6 C:\xampp\htdocs\socialmed_app\system\Model.php(665): CodeIgniter\BaseModel->insert(Array, false)
#7 C:\xampp\htdocs\socialmed_app\system\BaseModel.php(751): CodeIgniter\Model->insert(Array, false)
#8 C:\xampp\htdocs\socialmed_app\app\Controllers\Authentication.php(35): CodeIgniter\BaseModel->save(Array)
#9 C:\xampp\htdocs\socialmed_app\system\CodeIgniter.php(951): App\Controllers\Authentication->registerProcess()
#10 C:\xampp\htdocs\socialmed_app\system\CodeIgniter.php(497): CodeIgniter\CodeIgniter->runController(Object(App\Controllers\Authentication))
#11 C:\xampp\htdocs\socialmed_app\system\CodeIgniter.php(340): CodeIgniter\CodeIgniter->handleRequest(NULL, Object(Config\Cache), false)
#12 C:\xampp\htdocs\socialmed_app\system\Boot.php(417): CodeIgniter\CodeIgniter->run()
#13 C:\xampp\htdocs\socialmed_app\system\Boot.php(68): CodeIgniter\Boot::runCodeIgniter(Object(CodeIgniter\CodeIgniter))
#14 C:\xampp\htdocs\socialmed_app\public\index.php(59): CodeIgniter\Boot::bootWeb(Object(Config\Paths))
#15 C:\xampp\htdocs\socialmed_app\system\rewrite.php(44): require_once('C:\\xampp\\htdocs...')
#16 {main}

Next CodeIgniter\Database\Exceptions\DatabaseException: Unknown database 'socmeddb' in C:\xampp\htdocs\socialmed_app\system\Database\MySQLi\Connection.php:231
Stack trace:
#0 C:\xampp\htdocs\socialmed_app\system\Database\BaseConnection.php(419): CodeIgniter\Database\MySQLi\Connection->connect(false)
#1 C:\xampp\htdocs\socialmed_app\system\Database\BaseConnection.php(654): CodeIgniter\Database\BaseConnection->initialize()
#2 C:\xampp\htdocs\socialmed_app\system\Database\BaseBuilder.php(2345): CodeIgniter\Database\BaseConnection->query('INSERT INTO `us...', Array, false)
#3 C:\xampp\htdocs\socialmed_app\system\Model.php(356): CodeIgniter\Database\BaseBuilder->insert()
#4 C:\xampp\htdocs\socialmed_app\system\BaseModel.php(898): CodeIgniter\Model->doInsert(Array)
#5 C:\xampp\htdocs\socialmed_app\system\Model.php(665): CodeIgniter\BaseModel->insert(Array, false)
#6 C:\xampp\htdocs\socialmed_app\system\BaseModel.php(751): CodeIgniter\Model->insert(Array, false)
#7 C:\xampp\htdocs\socialmed_app\app\Controllers\Authentication.php(35): CodeIgniter\BaseModel->save(Array)
#8 C:\xampp\htdocs\socialmed_app\system\CodeIgniter.php(951): App\Controllers\Authentication->registerProcess()
#9 C:\xampp\htdocs\socialmed_app\system\CodeIgniter.php(497): CodeIgniter\CodeIgniter->runController(Object(App\Controllers\Authentication))
#10 C:\xampp\htdocs\socialmed_app\system\CodeIgniter.php(340): CodeIgniter\CodeIgniter->handleRequest(NULL, Object(Config\Cache), false)
#11 C:\xampp\htdocs\socialmed_app\system\Boot.php(417): CodeIgniter\CodeIgniter->run()
#12 C:\xampp\htdocs\socialmed_app\system\Boot.php(68): CodeIgniter\Boot::runCodeIgniter(Object(CodeIgniter\CodeIgniter))
#13 C:\xampp\htdocs\socialmed_app\public\index.php(59): CodeIgniter\Boot::bootWeb(Object(Config\Paths))
#14 C:\xampp\htdocs\socialmed_app\system\rewrite.php(44): require_once('C:\\xampp\\htdocs...')
#15 {main}
CRITICAL - 2026-04-19 09:35:48 --> CodeIgniter\Database\Exceptions\DatabaseException: Unable to connect to the database.
Main connection [MySQLi]: Unknown database 'socmeddb'
[Method: POST, Route: registerProcess]
in SYSTEMPATH\Database\BaseConnection.php on line 465.
 1 SYSTEMPATH\Database\BaseConnection.php(654): CodeIgniter\Database\BaseConnection->initialize()
 2 SYSTEMPATH\Database\BaseBuilder.php(2345): CodeIgniter\Database\BaseConnection->query('INSERT INTO `users` (`username`, `email`, `password_hash`, `location`, `full_name`, `relationship`) VALUES (:username:, :email:, :password_hash:, :location:, :full_name:, :relationship:)', [...], false)
 3 SYSTEMPATH\Model.php(356): CodeIgniter\Database\BaseBuilder->insert()
 4 SYSTEMPATH\BaseModel.php(898): CodeIgniter\Model->doInsert([...])
 5 SYSTEMPATH\Model.php(665): CodeIgniter\BaseModel->insert([...], false)
 6 SYSTEMPATH\BaseModel.php(751): CodeIgniter\Model->insert([...], false)
 7 APPPATH\Controllers\Authentication.php(35): CodeIgniter\BaseModel->save([...])
 8 SYSTEMPATH\CodeIgniter.php(951): App\Controllers\Authentication->registerProcess()
 9 SYSTEMPATH\CodeIgniter.php(497): CodeIgniter\CodeIgniter->runController(Object(App\Controllers\Authentication))
10 SYSTEMPATH\CodeIgniter.php(340): CodeIgniter\CodeIgniter->handleRequest(null, Object(Config\Cache), false)
11 SYSTEMPATH\Boot.php(417): CodeIgniter\CodeIgniter->run()
12 SYSTEMPATH\Boot.php(68): CodeIgniter\Boot::runCodeIgniter(Object(CodeIgniter\CodeIgniter))
13 FCPATH\index.php(59): CodeIgniter\Boot::bootWeb(Object(Config\Paths))
14 SYSTEMPATH\rewrite.php(44): require_once('C:\\xampp\\htdocs\\socialmed_app\\public\\index.php')
